CRITICAL - 2024-12-14 10:29:21 --> BadMethodCallException: Call to undefined method App\Models\MKategori::kategoribyproduk
[Method: GET, Route: kategoribyproduk]
in SYSTEMPATH\Model.php on line 932.
 1 APPPATH\Controllers\KategoriController.php(28): CodeIgniter\Model->__call('kategoribyproduk', [])
 2 SYSTEMPATH\CodeIgniter.php(933): App\Controllers\KategoriController->kategoribyproduk()
 3 SYSTEMPATH\CodeIgniter.php(509): CodeIgniter\CodeIgniter->runController(Object(App\Controllers\KategoriController))
 4 SYSTEMPATH\CodeIgniter.php(355): CodeIgniter\CodeIgniter->handleRequest(null, Object(Config\Cache), false)
 5 SYSTEMPATH\Boot.php(325): CodeIgniter\CodeIgniter->run()
 6 SYSTEMPATH\Boot.php(67): CodeIgniter\Boot::runCodeIgniter(Object(CodeIgniter\CodeIgniter))
 7 FCPATH\index.php(56): CodeIgniter\Boot::bootWeb(Object(Config\Paths))
CRITICAL - 2024-12-14 10:34:52 --> ErrorException: Attempt to read property "idkategori" on array
[Method: GET, Route: kategoribyproduk]
in APPPATH\Controllers\KategoriController.php on line 31.
 1 APPPATH\Controllers\KategoriController.php(31): CodeIgniter\Debug\Exceptions->errorHandler(2, 'Attempt to read property "idkategori" on array', 'C:\\xampp\\htdocs\\uastokoeasyshope\\app\\Controllers\\KategoriController.php', 31)
 2 SYSTEMPATH\CodeIgniter.php(933): App\Controllers\KategoriController->kategoribyproduk()
 3 SYSTEMPATH\CodeIgniter.php(509): CodeIgniter\CodeIgniter->runController(Object(App\Controllers\KategoriController))
 4 SYSTEMPATH\CodeIgniter.php(355): CodeIgniter\CodeIgniter->handleRequest(null, Object(Config\Cache), false)
 5 SYSTEMPATH\Boot.php(325): CodeIgniter\CodeIgniter->run()
 6 SYSTEMPATH\Boot.php(67): CodeIgniter\Boot::runCodeIgniter(Object(CodeIgniter\CodeIgniter))
 7 FCPATH\index.php(56): CodeIgniter\Boot::bootWeb(Object(Config\Paths))
CRITICAL - 2024-12-14 10:39:27 --> ErrorException: Undefined array key "kategori"
[Method: GET, Route: kategoribyproduk]
in APPPATH\Controllers\KategoriController.php on line 24.
 1 APPPATH\Controllers\KategoriController.php(24): CodeIgniter\Debug\Exceptions->errorHandler(2, 'Undefined array key "kategori"', 'C:\\xampp\\htdocs\\uastokoeasyshope\\app\\Controllers\\KategoriController.php', 24)
 2 SYSTEMPATH\CodeIgniter.php(933): App\Controllers\KategoriController->kategoribyproduk()
 3 SYSTEMPATH\CodeIgniter.php(509): CodeIgniter\CodeIgniter->runController(Object(App\Controllers\KategoriController))
 4 SYSTEMPATH\CodeIgniter.php(355): CodeIgniter\CodeIgniter->handleRequest(null, Object(Config\Cache), false)
 5 SYSTEMPATH\Boot.php(325): CodeIgniter\CodeIgniter->run()
 6 SYSTEMPATH\Boot.php(67): CodeIgniter\Boot::runCodeIgniter(Object(CodeIgniter\CodeIgniter))
 7 FCPATH\index.php(56): CodeIgniter\Boot::bootWeb(Object(Config\Paths))
ERROR - 2024-12-14 10:44:50 --> mysqli_sql_exception: Table 'easyshop.produk' doesn't exist in C:\xampp\htdocs\uastokoeasyshope\system\Database\MySQLi\Connection.php:312
Stack trace:
#0 C:\xampp\htdocs\uastokoeasyshope\system\Database\MySQLi\Connection.php(312): mysqli->query('SELECT * FROM p...', 0)
#1 C:\xampp\htdocs\uastokoeasyshope\system\Database\BaseConnection.php(734): CodeIgniter\Database\MySQLi\Connection->execute('SELECT * FROM p...')
#2 C:\xampp\htdocs\uastokoeasyshope\system\Database\BaseConnection.php(648): CodeIgniter\Database\BaseConnection->simpleQuery('SELECT * FROM p...')
#3 C:\xampp\htdocs\uastokoeasyshope\app\Models\MProduk.php(22): CodeIgniter\Database\BaseConnection->query('SELECT * FROM p...', Array)
#4 C:\xampp\htdocs\uastokoeasyshope\app\Controllers\ProdukController.php(35): App\Models\MProduk->produkbykategori('1')
#5 C:\xampp\htdocs\uastokoeasyshope\system\CodeIgniter.php(933): App\Controllers\ProdukController->produkbykategori()
#6 C:\xampp\htdocs\uastokoeasyshope\system\CodeIgniter.php(509): CodeIgniter\CodeIgniter->runController(Object(App\Controllers\ProdukController))
#7 C:\xampp\htdocs\uastokoeasyshope\system\CodeIgniter.php(355): CodeIgniter\CodeIgniter->handleRequest(NULL, Object(Config\Cache), false)
#8 C:\xampp\htdocs\uastokoeasyshope\system\Boot.php(325): CodeIgniter\CodeIgniter->run()
#9 C:\xampp\htdocs\uastokoeasyshope\system\Boot.php(67): CodeIgniter\Boot::runCodeIgniter(Object(CodeIgniter\CodeIgniter))
#10 C:\xampp\htdocs\uastokoeasyshope\public\index.php(56): CodeIgniter\Boot::bootWeb(Object(Config\Paths))
#11 {main}
CRITICAL - 2024-12-14 10:44:51 --> CodeIgniter\Database\Exceptions\DatabaseException: Table 'easyshop.produk' doesn't exist
[Method: GET, Route: produkbykategori]
in SYSTEMPATH\Database\BaseConnection.php on line 688.
 1 APPPATH\Models\MProduk.php(22): CodeIgniter\Database\BaseConnection->query('SELECT * FROM produk WHERE idkategori = ? AND thumbnail <> \'\' AND status = \'1\' LIMIT 0, 5', [...])
 2 APPPATH\Controllers\ProdukController.php(35): App\Models\MProduk->produkbykategori('1')
 3 SYSTEMPATH\CodeIgniter.php(933): App\Controllers\ProdukController->produkbykategori()
 4 SYSTEMPATH\CodeIgniter.php(509): CodeIgniter\CodeIgniter->runController(Object(App\Controllers\ProdukController))
 5 SYSTEMPATH\CodeIgniter.php(355): CodeIgniter\CodeIgniter->handleRequest(null, Object(Config\Cache), false)
 6 SYSTEMPATH\Boot.php(325): CodeIgniter\CodeIgniter->run()
 7 SYSTEMPATH\Boot.php(67): CodeIgniter\Boot::runCodeIgniter(Object(CodeIgniter\CodeIgniter))
 8 FCPATH\index.php(56): CodeIgniter\Boot::bootWeb(Object(Config\Paths))
CRITICAL - 2024-12-14 10:44:51 --> [Caused by] CodeIgniter\Database\Exceptions\DatabaseException: Table 'easyshop.produk' doesn't exist
in SYSTEMPATH\Database\MySQLi\Connection.php on line 317.
 1 SYSTEMPATH\Database\BaseConnection.php(734): CodeIgniter\Database\MySQLi\Connection->execute('SELECT * FROM produk WHERE idkategori = \'1\' AND thumbnail <> \'\' AND status = \'1\' LIMIT 0, 5')
 2 SYSTEMPATH\Database\BaseConnection.php(648): CodeIgniter\Database\BaseConnection->simpleQuery('SELECT * FROM produk WHERE idkategori = \'1\' AND thumbnail <> \'\' AND status = \'1\' LIMIT 0, 5')
 3 APPPATH\Models\MProduk.php(22): CodeIgniter\Database\BaseConnection->query('SELECT * FROM produk WHERE idkategori = ? AND thumbnail <> \'\' AND status = \'1\' LIMIT 0, 5', [...])
 4 APPPATH\Controllers\ProdukController.php(35): App\Models\MProduk->produkbykategori('1')
 5 SYSTEMPATH\CodeIgniter.php(933): App\Controllers\ProdukController->produkbykategori()
 6 SYSTEMPATH\CodeIgniter.php(509): CodeIgniter\CodeIgniter->runController(Object(App\Controllers\ProdukController))
 7 SYSTEMPATH\CodeIgniter.php(355): CodeIgniter\CodeIgniter->handleRequest(null, Object(Config\Cache), false)
 8 SYSTEMPATH\Boot.php(325): CodeIgniter\CodeIgniter->run()
 9 SYSTEMPATH\Boot.php(67): CodeIgniter\Boot::runCodeIgniter(Object(CodeIgniter\CodeIgniter))
10 FCPATH\index.php(56): CodeIgniter\Boot::bootWeb(Object(Config\Paths))
CRITICAL - 2024-12-14 10:44:51 --> [Caused by] mysqli_sql_exception: Table 'easyshop.produk' doesn't exist
in SYSTEMPATH\Database\MySQLi\Connection.php on line 312.
 1 SYSTEMPATH\Database\MySQLi\Connection.php(312): mysqli->query('SELECT * FROM produk WHERE idkategori = \'1\' AND thumbnail <> \'\' AND status = \'1\' LIMIT 0, 5', 0)
 2 SYSTEMPATH\Database\BaseConnection.php(734): CodeIgniter\Database\MySQLi\Connection->execute('SELECT * FROM produk WHERE idkategori = \'1\' AND thumbnail <> \'\' AND status = \'1\' LIMIT 0, 5')
 3 SYSTEMPATH\Database\BaseConnection.php(648): CodeIgniter\Database\BaseConnection->simpleQuery('SELECT * FROM produk WHERE idkategori = \'1\' AND thumbnail <> \'\' AND status = \'1\' LIMIT 0, 5')
 4 APPPATH\Models\MProduk.php(22): CodeIgniter\Database\BaseConnection->query('SELECT * FROM produk WHERE idkategori = ? AND thumbnail <> \'\' AND status = \'1\' LIMIT 0, 5', [...])
 5 APPPATH\Controllers\ProdukController.php(35): App\Models\MProduk->produkbykategori('1')
 6 SYSTEMPATH\CodeIgniter.php(933): App\Controllers\ProdukController->produkbykategori()
 7 SYSTEMPATH\CodeIgniter.php(509): CodeIgniter\CodeIgniter->runController(Object(App\Controllers\ProdukController))
 8 SYSTEMPATH\CodeIgniter.php(355): CodeIgniter\CodeIgniter->handleRequest(null, Object(Config\Cache), false)
 9 SYSTEMPATH\Boot.php(325): CodeIgniter\CodeIgniter->run()
10 SYSTEMPATH\Boot.php(67): CodeIgniter\Boot::runCodeIgniter(Object(CodeIgniter\CodeIgniter))
11 FCPATH\index.php(56): CodeIgniter\Boot::bootWeb(Object(Config\Paths))
ERROR - 2024-12-14 10:46:22 --> mysqli_sql_exception: Table 'easyshop.produk' doesn't exist in C:\xampp\htdocs\uastokoeasyshope\system\Database\MySQLi\Connection.php:312
Stack trace:
#0 C:\xampp\htdocs\uastokoeasyshope\system\Database\MySQLi\Connection.php(312): mysqli->query('SELECT * FROM p...', 0)
#1 C:\xampp\htdocs\uastokoeasyshope\system\Database\BaseConnection.php(734): CodeIgniter\Database\MySQLi\Connection->execute('SELECT * FROM p...')
#2 C:\xampp\htdocs\uastokoeasyshope\system\Database\BaseConnection.php(648): CodeIgniter\Database\BaseConnection->simpleQuery('SELECT * FROM p...')
#3 C:\xampp\htdocs\uastokoeasyshope\app\Models\MProduk.php(22): CodeIgniter\Database\BaseConnection->query('SELECT * FROM p...', Array)
#4 C:\xampp\htdocs\uastokoeasyshope\app\Controllers\ProdukController.php(35): App\Models\MProduk->produkbykategori('1')
#5 C:\xampp\htdocs\uastokoeasyshope\system\CodeIgniter.php(933): App\Controllers\ProdukController->produkbykategori()
#6 C:\xampp\htdocs\uastokoeasyshope\system\CodeIgniter.php(509): CodeIgniter\CodeIgniter->runController(Object(App\Controllers\ProdukController))
#7 C:\xampp\htdocs\uastokoeasyshope\system\CodeIgniter.php(355): CodeIgniter\CodeIgniter->handleRequest(NULL, Object(Config\Cache), false)
#8 C:\xampp\htdocs\uastokoeasyshope\system\Boot.php(325): CodeIgniter\CodeIgniter->run()
#9 C:\xampp\htdocs\uastokoeasyshope\system\Boot.php(67): CodeIgniter\Boot::runCodeIgniter(Object(CodeIgniter\CodeIgniter))
#10 C:\xampp\htdocs\uastokoeasyshope\public\index.php(56): CodeIgniter\Boot::bootWeb(Object(Config\Paths))
#11 {main}
CRITICAL - 2024-12-14 10:46:22 --> CodeIgniter\Database\Exceptions\DatabaseException: Table 'easyshop.produk' doesn't exist
[Method: GET, Route: produkbykategori]
in SYSTEMPATH\Database\BaseConnection.php on line 688.
 1 APPPATH\Models\MProduk.php(22): CodeIgniter\Database\BaseConnection->query('SELECT * FROM produk WHERE idkategori = ? AND thumbnail <> \'\' AND status = \'1\' LIMIT 0, 5', [...])
 2 APPPATH\Controllers\ProdukController.php(35): App\Models\MProduk->produkbykategori('1')
 3 SYSTEMPATH\CodeIgniter.php(933): App\Controllers\ProdukController->produkbykategori()
 4 SYSTEMPATH\CodeIgniter.php(509): CodeIgniter\CodeIgniter->runController(Object(App\Controllers\ProdukController))
 5 SYSTEMPATH\CodeIgniter.php(355): CodeIgniter\CodeIgniter->handleRequest(null, Object(Config\Cache), false)
 6 SYSTEMPATH\Boot.php(325): CodeIgniter\CodeIgniter->run()
 7 SYSTEMPATH\Boot.php(67): CodeIgniter\Boot::runCodeIgniter(Object(CodeIgniter\CodeIgniter))
 8 FCPATH\index.php(56): CodeIgniter\Boot::bootWeb(Object(Config\Paths))
CRITICAL - 2024-12-14 10:46:22 --> [Caused by] CodeIgniter\Database\Exceptions\DatabaseException: Table 'easyshop.produk' doesn't exist
in SYSTEMPATH\Database\MySQLi\Connection.php on line 317.
 1 SYSTEMPATH\Database\BaseConnection.php(734): CodeIgniter\Database\MySQLi\Connection->execute('SELECT * FROM produk WHERE idkategori = \'1\' AND thumbnail <> \'\' AND status = \'1\' LIMIT 0, 5')
 2 SYSTEMPATH\Database\BaseConnection.php(648): CodeIgniter\Database\BaseConnection->simpleQuery('SELECT * FROM produk WHERE idkategori = \'1\' AND thumbnail <> \'\' AND status = \'1\' LIMIT 0, 5')
 3 APPPATH\Models\MProduk.php(22): CodeIgniter\Database\BaseConnection->query('SELECT * FROM produk WHERE idkategori = ? AND thumbnail <> \'\' AND status = \'1\' LIMIT 0, 5', [...])
 4 APPPATH\Controllers\ProdukController.php(35): App\Models\MProduk->produkbykategori('1')
 5 SYSTEMPATH\CodeIgniter.php(933): App\Controllers\ProdukController->produkbykategori()
 6 SYSTEMPATH\CodeIgniter.php(509): CodeIgniter\CodeIgniter->runController(Object(App\Controllers\ProdukController))
 7 SYSTEMPATH\CodeIgniter.php(355): CodeIgniter\CodeIgniter->handleRequest(null, Object(Config\Cache), false)
 8 SYSTEMPATH\Boot.php(325): CodeIgniter\CodeIgniter->run()
 9 SYSTEMPATH\Boot.php(67): CodeIgniter\Boot::runCodeIgniter(Object(CodeIgniter\CodeIgniter))
10 FCPATH\index.php(56): CodeIgniter\Boot::bootWeb(Object(Config\Paths))
CRITICAL - 2024-12-14 10:46:22 --> [Caused by] mysqli_sql_exception: Table 'easyshop.produk' doesn't exist
in SYSTEMPATH\Database\MySQLi\Connection.php on line 312.
 1 SYSTEMPATH\Database\MySQLi\Connection.php(312): mysqli->query('SELECT * FROM produk WHERE idkategori = \'1\' AND thumbnail <> \'\' AND status = \'1\' LIMIT 0, 5', 0)
 2 SYSTEMPATH\Database\BaseConnection.php(734): CodeIgniter\Database\MySQLi\Connection->execute('SELECT * FROM produk WHERE idkategori = \'1\' AND thumbnail <> \'\' AND status = \'1\' LIMIT 0, 5')
 3 SYSTEMPATH\Database\BaseConnection.php(648): CodeIgniter\Database\BaseConnection->simpleQuery('SELECT * FROM produk WHERE idkategori = \'1\' AND thumbnail <> \'\' AND status = \'1\' LIMIT 0, 5')
 4 APPPATH\Models\MProduk.php(22): CodeIgniter\Database\BaseConnection->query('SELECT * FROM produk WHERE idkategori = ? AND thumbnail <> \'\' AND status = \'1\' LIMIT 0, 5', [...])
 5 APPPATH\Controllers\ProdukController.php(35): App\Models\MProduk->produkbykategori('1')
 6 SYSTEMPATH\CodeIgniter.php(933): App\Controllers\ProdukController->produkbykategori()
 7 SYSTEMPATH\CodeIgniter.php(509): CodeIgniter\CodeIgniter->runController(Object(App\Controllers\ProdukController))
 8 SYSTEMPATH\CodeIgniter.php(355): CodeIgniter\CodeIgniter->handleRequest(null, Object(Config\Cache), false)
 9 SYSTEMPATH\Boot.php(325): CodeIgniter\CodeIgniter->run()
10 SYSTEMPATH\Boot.php(67): CodeIgniter\Boot::runCodeIgniter(Object(CodeIgniter\CodeIgniter))
11 FCPATH\index.php(56): CodeIgniter\Boot::bootWeb(Object(Config\Paths))
ERROR - 2024-12-14 10:48:54 --> mysqli_sql_exception: Table 'easyshop.produk' doesn't exist in C:\xampp\htdocs\uastokoeasyshope\system\Database\MySQLi\Connection.php:312
Stack trace:
#0 C:\xampp\htdocs\uastokoeasyshope\system\Database\MySQLi\Connection.php(312): mysqli->query('SELECT * FROM p...', 0)
#1 C:\xampp\htdocs\uastokoeasyshope\system\Database\BaseConnection.php(734): CodeIgniter\Database\MySQLi\Connection->execute('SELECT * FROM p...')
#2 C:\xampp\htdocs\uastokoeasyshope\system\Database\BaseConnection.php(648): CodeIgniter\Database\BaseConnection->simpleQuery('SELECT * FROM p...')
#3 C:\xampp\htdocs\uastokoeasyshope\app\Models\MProduk.php(22): CodeIgniter\Database\BaseConnection->query('SELECT * FROM p...', Array)
#4 C:\xampp\htdocs\uastokoeasyshope\app\Controllers\ProdukController.php(35): App\Models\MProduk->produkbykategori('1')
#5 C:\xampp\htdocs\uastokoeasyshope\system\CodeIgniter.php(933): App\Controllers\ProdukController->produkbykategori()
#6 C:\xampp\htdocs\uastokoeasyshope\system\CodeIgniter.php(509): CodeIgniter\CodeIgniter->runController(Object(App\Controllers\ProdukController))
#7 C:\xampp\htdocs\uastokoeasyshope\system\CodeIgniter.php(355): CodeIgniter\CodeIgniter->handleRequest(NULL, Object(Config\Cache), false)
#8 C:\xampp\htdocs\uastokoeasyshope\system\Boot.php(325): CodeIgniter\CodeIgniter->run()
#9 C:\xampp\htdocs\uastokoeasyshope\system\Boot.php(67): CodeIgniter\Boot::runCodeIgniter(Object(CodeIgniter\CodeIgniter))
#10 C:\xampp\htdocs\uastokoeasyshope\public\index.php(56): CodeIgniter\Boot::bootWeb(Object(Config\Paths))
#11 {main}
CRITICAL - 2024-12-14 10:48:54 --> CodeIgniter\Database\Exceptions\DatabaseException: Table 'easyshop.produk' doesn't exist
[Method: GET, Route: produkbykategori]
in SYSTEMPATH\Database\BaseConnection.php on line 688.
 1 APPPATH\Models\MProduk.php(22): CodeIgniter\Database\BaseConnection->query('SELECT * FROM produk WHERE idkategori = ? AND thumbnail <> \'\' AND status = \'1\' LIMIT 0, 5', [...])
 2 APPPATH\Controllers\ProdukController.php(35): App\Models\MProduk->produkbykategori('1')
 3 SYSTEMPATH\CodeIgniter.php(933): App\Controllers\ProdukController->produkbykategori()
 4 SYSTEMPATH\CodeIgniter.php(509): CodeIgniter\CodeIgniter->runController(Object(App\Controllers\ProdukController))
 5 SYSTEMPATH\CodeIgniter.php(355): CodeIgniter\CodeIgniter->handleRequest(null, Object(Config\Cache), false)
 6 SYSTEMPATH\Boot.php(325): CodeIgniter\CodeIgniter->run()
 7 SYSTEMPATH\Boot.php(67): CodeIgniter\Boot::runCodeIgniter(Object(CodeIgniter\CodeIgniter))
 8 FCPATH\index.php(56): CodeIgniter\Boot::bootWeb(Object(Config\Paths))
CRITICAL - 2024-12-14 10:48:54 --> [Caused by] CodeIgniter\Database\Exceptions\DatabaseException: Table 'easyshop.produk' doesn't exist
in SYSTEMPATH\Database\MySQLi\Connection.php on line 317.
 1 SYSTEMPATH\Database\BaseConnection.php(734): CodeIgniter\Database\MySQLi\Connection->execute('SELECT * FROM produk WHERE idkategori = \'1\' AND thumbnail <> \'\' AND status = \'1\' LIMIT 0, 5')
 2 SYSTEMPATH\Database\BaseConnection.php(648): CodeIgniter\Database\BaseConnection->simpleQuery('SELECT * FROM produk WHERE idkategori = \'1\' AND thumbnail <> \'\' AND status = \'1\' LIMIT 0, 5')
 3 APPPATH\Models\MProduk.php(22): CodeIgniter\Database\BaseConnection->query('SELECT * FROM produk WHERE idkategori = ? AND thumbnail <> \'\' AND status = \'1\' LIMIT 0, 5', [...])
 4 APPPATH\Controllers\ProdukController.php(35): App\Models\MProduk->produkbykategori('1')
 5 SYSTEMPATH\CodeIgniter.php(933): App\Controllers\ProdukController->produkbykategori()
 6 SYSTEMPATH\CodeIgniter.php(509): CodeIgniter\CodeIgniter->runController(Object(App\Controllers\ProdukController))
 7 SYSTEMPATH\CodeIgniter.php(355): CodeIgniter\CodeIgniter->handleRequest(null, Object(Config\Cache), false)
 8 SYSTEMPATH\Boot.php(325): CodeIgniter\CodeIgniter->run()
 9 SYSTEMPATH\Boot.php(67): CodeIgniter\Boot::runCodeIgniter(Object(CodeIgniter\CodeIgniter))
10 FCPATH\index.php(56): CodeIgniter\Boot::bootWeb(Object(Config\Paths))
CRITICAL - 2024-12-14 10:48:54 --> [Caused by] mysqli_sql_exception: Table 'easyshop.produk' doesn't exist
in SYSTEMPATH\Database\MySQLi\Connection.php on line 312.
 1 SYSTEMPATH\Database\MySQLi\Connection.php(312): mysqli->query('SELECT * FROM produk WHERE idkategori = \'1\' AND thumbnail <> \'\' AND status = \'1\' LIMIT 0, 5', 0)
 2 SYSTEMPATH\Database\BaseConnection.php(734): CodeIgniter\Database\MySQLi\Connection->execute('SELECT * FROM produk WHERE idkategori = \'1\' AND thumbnail <> \'\' AND status = \'1\' LIMIT 0, 5')
 3 SYSTEMPATH\Database\BaseConnection.php(648): CodeIgniter\Database\BaseConnection->simpleQuery('SELECT * FROM produk WHERE idkategori = \'1\' AND thumbnail <> \'\' AND status = \'1\' LIMIT 0, 5')
 4 APPPATH\Models\MProduk.php(22): CodeIgniter\Database\BaseConnection->query('SELECT * FROM produk WHERE idkategori = ? AND thumbnail <> \'\' AND status = \'1\' LIMIT 0, 5', [...])
 5 APPPATH\Controllers\ProdukController.php(35): App\Models\MProduk->produkbykategori('1')
 6 SYSTEMPATH\CodeIgniter.php(933): App\Controllers\ProdukController->produkbykategori()
 7 SYSTEMPATH\CodeIgniter.php(509): CodeIgniter\CodeIgniter->runController(Object(App\Controllers\ProdukController))
 8 SYSTEMPATH\CodeIgniter.php(355): CodeIgniter\CodeIgniter->handleRequest(null, Object(Config\Cache), false)
 9 SYSTEMPATH\Boot.php(325): CodeIgniter\CodeIgniter->run()
10 SYSTEMPATH\Boot.php(67): CodeIgniter\Boot::runCodeIgniter(Object(CodeIgniter\CodeIgniter))
11 FCPATH\index.php(56): CodeIgniter\Boot::bootWeb(Object(Config\Paths))
ERROR - 2024-12-14 10:51:12 --> mysqli_sql_exception: Unknown column 'status' in 'where clause' in C:\xampp\htdocs\uastokoeasyshope\system\Database\MySQLi\Connection.php:312
Stack trace:
#0 C:\xampp\htdocs\uastokoeasyshope\system\Database\MySQLi\Connection.php(312): mysqli->query('SELECT *\nFROM `...', 0)
#1 C:\xampp\htdocs\uastokoeasyshope\system\Database\BaseConnection.php(734): CodeIgniter\Database\MySQLi\Connection->execute('SELECT *\nFROM `...')
#2 C:\xampp\htdocs\uastokoeasyshope\system\Database\BaseConnection.php(648): CodeIgniter\Database\BaseConnection->simpleQuery('SELECT *\nFROM `...')
#3 C:\xampp\htdocs\uastokoeasyshope\system\Database\BaseBuilder.php(1644): CodeIgniter\Database\BaseConnection->query('SELECT *\nFROM `...', Array, false)
#4 C:\xampp\htdocs\uastokoeasyshope\system\Model.php(286): CodeIgniter\Database\BaseBuilder->get()
#5 C:\xampp\htdocs\uastokoeasyshope\system\BaseModel.php(676): CodeIgniter\Model->doFindAll(0, 0)
#6 C:\xampp\htdocs\uastokoeasyshope\app\Models\MProduk.php(30): CodeIgniter\BaseModel->findAll()
#7 C:\xampp\htdocs\uastokoeasyshope\app\Controllers\ProdukController.php(35): App\Models\MProduk->produkbykategori('1')
#8 C:\xampp\htdocs\uastokoeasyshope\system\CodeIgniter.php(933): App\Controllers\ProdukController->produkbykategori()
#9 C:\xampp\htdocs\uastokoeasyshope\system\CodeIgniter.php(509): CodeIgniter\CodeIgniter->runController(Object(App\Controllers\ProdukController))
#10 C:\xampp\htdocs\uastokoeasyshope\system\CodeIgniter.php(355): CodeIgniter\CodeIgniter->handleRequest(NULL, Object(Config\Cache), false)
#11 C:\xampp\htdocs\uastokoeasyshope\system\Boot.php(325): CodeIgniter\CodeIgniter->run()
#12 C:\xampp\htdocs\uastokoeasyshope\system\Boot.php(67): CodeIgniter\Boot::runCodeIgniter(Object(CodeIgniter\CodeIgniter))
#13 C:\xampp\htdocs\uastokoeasyshope\public\index.php(56): CodeIgniter\Boot::bootWeb(Object(Config\Paths))
#14 {main}
CRITICAL - 2024-12-14 10:51:13 --> CodeIgniter\Database\Exceptions\DatabaseException: Unknown column 'status' in 'where clause'
[Method: GET, Route: produkbykategori]
in SYSTEMPATH\Database\BaseConnection.php on line 688.
 1 SYSTEMPATH\Database\BaseBuilder.php(1644): CodeIgniter\Database\BaseConnection->query('SELECT *
FROM `tb_produk`
WHERE `idkategori` = :idkategori:
AND `thumbnail` <> :thumbnail:
AND `status` = :status:
 LIMIT 5', [...], false)
 2 SYSTEMPATH\Model.php(286): CodeIgniter\Database\BaseBuilder->get()
 3 SYSTEMPATH\BaseModel.php(676): CodeIgniter\Model->doFindAll(0, 0)
 4 APPPATH\Models\MProduk.php(30): CodeIgniter\BaseModel->findAll()
 5 APPPATH\Controllers\ProdukController.php(35): App\Models\MProduk->produkbykategori('1')
 6 SYSTEMPATH\CodeIgniter.php(933): App\Controllers\ProdukController->produkbykategori()
 7 SYSTEMPATH\CodeIgniter.php(509): CodeIgniter\CodeIgniter->runController(Object(App\Controllers\ProdukController))
 8 SYSTEMPATH\CodeIgniter.php(355): CodeIgniter\CodeIgniter->handleRequest(null, Object(Config\Cache), false)
 9 SYSTEMPATH\Boot.php(325): CodeIgniter\CodeIgniter->run()
10 SYSTEMPATH\Boot.php(67): CodeIgniter\Boot::runCodeIgniter(Object(CodeIgniter\CodeIgniter))
11 FCPATH\index.php(56): CodeIgniter\Boot::bootWeb(Object(Config\Paths))
CRITICAL - 2024-12-14 10:51:13 --> [Caused by] CodeIgniter\Database\Exceptions\DatabaseException: Unknown column 'status' in 'where clause'
in SYSTEMPATH\Database\MySQLi\Connection.php on line 317.
 1 SYSTEMPATH\Database\BaseConnection.php(734): CodeIgniter\Database\MySQLi\Connection->execute('SELECT *
FROM `tb_produk`
WHERE `idkategori` = \'1\'
AND `thumbnail` <> \'\'
AND `status` = \'1\'
 LIMIT 5')
 2 SYSTEMPATH\Database\BaseConnection.php(648): CodeIgniter\Database\BaseConnection->simpleQuery('SELECT *
FROM `tb_produk`
WHERE `idkategori` = \'1\'
AND `thumbnail` <> \'\'
AND `status` = \'1\'
 LIMIT 5')
 3 SYSTEMPATH\Database\BaseBuilder.php(1644): CodeIgniter\Database\BaseConnection->query('SELECT *
FROM `tb_produk`
WHERE `idkategori` = :idkategori:
AND `thumbnail` <> :thumbnail:
AND `status` = :status:
 LIMIT 5', [...], false)
 4 SYSTEMPATH\Model.php(286): CodeIgniter\Database\BaseBuilder->get()
 5 SYSTEMPATH\BaseModel.php(676): CodeIgniter\Model->doFindAll(0, 0)
 6 APPPATH\Models\MProduk.php(30): CodeIgniter\BaseModel->findAll()
 7 APPPATH\Controllers\ProdukController.php(35): App\Models\MProduk->produkbykategori('1')
 8 SYSTEMPATH\CodeIgniter.php(933): App\Controllers\ProdukController->produkbykategori()
 9 SYSTEMPATH\CodeIgniter.php(509): CodeIgniter\CodeIgniter->runController(Object(App\Controllers\ProdukController))
10 SYSTEMPATH\CodeIgniter.php(355): CodeIgniter\CodeIgniter->handleRequest(null, Object(Config\Cache), false)
11 SYSTEMPATH\Boot.php(325): CodeIgniter\CodeIgniter->run()
12 SYSTEMPATH\Boot.php(67): CodeIgniter\Boot::runCodeIgniter(Object(CodeIgniter\CodeIgniter))
13 FCPATH\index.php(56): CodeIgniter\Boot::bootWeb(Object(Config\Paths))
CRITICAL - 2024-12-14 10:51:13 --> [Caused by] mysqli_sql_exception: Unknown column 'status' in 'where clause'
in SYSTEMPATH\Database\MySQLi\Connection.php on line 312.
 1 SYSTEMPATH\Database\MySQLi\Connection.php(312): mysqli->query('SELECT *
FROM `tb_produk`
WHERE `idkategori` = \'1\'
AND `thumbnail` <> \'\'
AND `status` = \'1\'
 LIMIT 5', 0)
 2 SYSTEMPATH\Database\BaseConnection.php(734): CodeIgniter\Database\MySQLi\Connection->execute('SELECT *
FROM `tb_produk`
WHERE `idkategori` = \'1\'
AND `thumbnail` <> \'\'
AND `status` = \'1\'
 LIMIT 5')
 3 SYSTEMPATH\Database\BaseConnection.php(648): CodeIgniter\Database\BaseConnection->simpleQuery('SELECT *
FROM `tb_produk`
WHERE `idkategori` = \'1\'
AND `thumbnail` <> \'\'
AND `status` = \'1\'
 LIMIT 5')
 4 SYSTEMPATH\Database\BaseBuilder.php(1644): CodeIgniter\Database\BaseConnection->query('SELECT *
FROM `tb_produk`
WHERE `idkategori` = :idkategori:
AND `thumbnail` <> :thumbnail:
AND `status` = :status:
 LIMIT 5', [...], false)
 5 SYSTEMPATH\Model.php(286): CodeIgniter\Database\BaseBuilder->get()
 6 SYSTEMPATH\BaseModel.php(676): CodeIgniter\Model->doFindAll(0, 0)
 7 APPPATH\Models\MProduk.php(30): CodeIgniter\BaseModel->findAll()
 8 APPPATH\Controllers\ProdukController.php(35): App\Models\MProduk->produkbykategori('1')
 9 SYSTEMPATH\CodeIgniter.php(933): App\Controllers\ProdukController->produkbykategori()
10 SYSTEMPATH\CodeIgniter.php(509): CodeIgniter\CodeIgniter->runController(Object(App\Controllers\ProdukController))
11 SYSTEMPATH\CodeIgniter.php(355): CodeIgniter\CodeIgniter->handleRequest(null, Object(Config\Cache), false)
12 SYSTEMPATH\Boot.php(325): CodeIgniter\CodeIgniter->run()
13 SYSTEMPATH\Boot.php(67): CodeIgniter\Boot::runCodeIgniter(Object(CodeIgniter\CodeIgniter))
14 FCPATH\index.php(56): CodeIgniter\Boot::bootWeb(Object(Config\Paths))
CRITICAL - 2024-12-14 10:52:03 --> ErrorException: Attempt to read property "id" on array
[Method: GET, Route: produkbykategori]
in APPPATH\Controllers\ProdukController.php on line 38.
 1 APPPATH\Controllers\ProdukController.php(38): CodeIgniter\Debug\Exceptions->errorHandler(2, 'Attempt to read property "id" on array', 'C:\\xampp\\htdocs\\uastokoeasyshope\\app\\Controllers\\ProdukController.php', 38)
 2 SYSTEMPATH\CodeIgniter.php(933): App\Controllers\ProdukController->produkbykategori()
 3 SYSTEMPATH\CodeIgniter.php(509): CodeIgniter\CodeIgniter->runController(Object(App\Controllers\ProdukController))
 4 SYSTEMPATH\CodeIgniter.php(355): CodeIgniter\CodeIgniter->handleRequest(null, Object(Config\Cache), false)
 5 SYSTEMPATH\Boot.php(325): CodeIgniter\CodeIgniter->run()
 6 SYSTEMPATH\Boot.php(67): CodeIgniter\Boot::runCodeIgniter(Object(CodeIgniter\CodeIgniter))
 7 FCPATH\index.php(56): CodeIgniter\Boot::bootWeb(Object(Config\Paths))
